<?xml version="1.0" encoding="UTF-8"?>
<!-- Generated by org.testng.reporters.JUnitReportReporter -->
<testsuite hostname="Aprils-Air.lan" failures="0" tests="2" name="testCases.test1" time="11.137" errors="0" timestamp="2023-12-19T13:47:32 EST" skipped="0">
  <testcase classname="testCases.test1" name="addUser" time="2.652"/>
  <testcase classname="testCases.test1" name="test2" time="8.485"/>
</testsuite> <!-- testCases.test1 -->
