<?xml version="1.0" encoding="UTF-8"?>
<!-- Generated by org.testng.reporters.JUnitReportReporter -->
<testsuite hostname="Aprils-Air.lan" failures="0" tests="1" name="testCases.testCase2" time="12.453" errors="0" timestamp="2023-12-19T17:54:40 EST" skipped="0">
  <testcase classname="testCases.testCase2" name="testingFramework" time="12.453"/>
</testsuite> <!-- testCases.testCase2 -->
