<?xml version="1.0" encoding="UTF-8"?>
<!-- Generated by org.testng.reporters.JUnitReportReporter -->
<testsuite hostname="DESKTOP-6O4J587" failures="0" tests="3" name="testCases.frameworkTests.Merfu_TestCases" time="12.537" errors="0" timestamp="2023-12-26T18:27:38 EST" skipped="2">
  <testcase classname="testCases.frameworkTests.Merfu_TestCases" name="TC02_ValidateAddToCartFunctionality" time="12.537"/>
  <testcase classname="testCases.frameworkTests.Merfu_TestCases" name="TC03_ValidateUpdateQuantityFunctionality">
    <skipped/>
  </testcase> <!-- TC03_ValidateUpdateQuantityFunctionality -->
  <testcase classname="testCases.frameworkTests.Merfu_TestCases" name="TC01_VerifyShoppingCartIcon">
    <skipped/>
  </testcase> <!-- TC01_VerifyShoppingCartIcon -->
</testsuite> <!-- testCases.frameworkTests.Merfu_TestCases -->
