<?xml version="1.0" encoding="UTF-8"?>
<!-- Generated by org.testng.reporters.JUnitReportReporter -->
<testsuite hostname="Aprils-Air.lan" failures="0" tests="1" name="testCases.AprilDiehl_ProductDetailPage.TC2_verifyProductComparisonFunctionality" time="28.047" errors="0" timestamp="2023-12-24T14:31:12 EST" skipped="0">
  <testcase classname="testCases.AprilDiehl_ProductDetailPage.TC2_verifyProductComparisonFunctionality" name="verifyProductComparisonFunctionality" time="28.047"/>
</testsuite> <!-- testCases.AprilDiehl_ProductDetailPage.TC2_verifyProductComparisonFunctionality -->
