<?xml version="1.0" encoding="UTF-8"?>
<!-- Generated by org.testng.reporters.JUnitReportReporter -->
<testsuite hostname="Aprils-Air.lan" failures="0" tests="1" name="testCases.AprilDiehl_ProductDetailPage.TC1_verifyReviewFunctionality" time="29.618" errors="0" timestamp="2023-12-24T14:34:32 EST" skipped="0">
  <testcase classname="testCases.AprilDiehl_ProductDetailPage.TC1_verifyReviewFunctionality" name="verifyReviewFunc" time="29.618"/>
</testsuite> <!-- testCases.AprilDiehl_ProductDetailPage.TC1_verifyReviewFunctionality -->
