<?xml version="1.0" encoding="UTF-8"?>
<!-- Generated by org.testng.reporters.JUnitReportReporter -->
<testsuite hostname="Aprils-Air.lan" failures="0" tests="1" name="testCases.AprilDiehl_ProductDetailPage.TC3_verifyDetailsOfProductOnProductPage" time="28.642" errors="0" timestamp="2023-12-24T18:55:03 EST" skipped="0">
  <testcase classname="testCases.AprilDiehl_ProductDetailPage.TC3_verifyDetailsOfProductOnProductPage" name="verifyDetailsOfProductsPage" time="28.642"/>
</testsuite> <!-- testCases.AprilDiehl_ProductDetailPage.TC3_verifyDetailsOfProductOnProductPage -->
