<?xml version="1.0" encoding="UTF-8"?>
<!-- Generated by org.testng.reporters.JUnitReportReporter -->
<testsuite hostname="Aprils-Air.lan" failures="0" tests="1" name="testCases.test1" time="20.242" errors="0" timestamp="2023-12-20T23:57:39 EST" skipped="0">
  <testcase classname="testCases.test1" name="test2" time="20.242"/>
</testsuite> <!-- testCases.test1 -->
