<?xml version="1.0" encoding="UTF-8"?>
<!-- Generated by org.testng.reporters.JUnitReportReporter -->
<testsuite hostname="Aprils-Air.lan" failures="0" tests="1" name="testCases.testCase2" time="17.040" errors="0" timestamp="2023-12-21T08:35:05 EST" skipped="0">
  <testcase classname="testCases.testCase2" name="testingFramework" time="17.040"/>
</testsuite> <!-- testCases.testCase2 -->
